This is pdfTeX, Version 3.14159265-2.6-1.40.21 (MiKTeX 2.9.7440 64-bit) (preloaded format=pdflatex 2020.7.8)  12 JUL 2020 12:00
entering extended mode
**./main.tex
(main.tex
LaTeX2e <2020-02-02> patch level 5
L3 programming layer <2020-05-15> (MastersDoctoralThesis.cls
Document Class: MastersDoctoralThesis 2017/08/27 v1.6 LaTeXTemplates.com

("C:\Users\juanc\AppData\Local\Programs\MiKTeX 2.9\tex/latex/etoolbox\etoolbox.
sty"
Package: etoolbox 2019/09/21 v2.5h e-TeX tools for LaTeX (JAW)
\etb@tempcnta=\count167
)
("C:\Users\juanc\AppData\Local\Programs\MiKTeX 2.9\tex/latex/l3packages/xparse\
xparse.sty"
("C:\Users\juanc\AppData\Local\Programs\MiKTeX 2.9\tex/latex/l3kernel\expl3.sty
"
Package: expl3 2020-05-15 L3 programming layer (loader) 

("C:\Users\juanc\AppData\Local\Programs\MiKTeX 2.9\tex/latex/l3backend\l3backen
d-pdfmode.def"
File: l3backend-pdfmode.def 2020-05-05 L3 backend support: PDF mode
\l__kernel_color_stack_int=\count168
\l__pdf_internal_box=\box45
))
Package: xparse 2020-05-15 L3 Experimental document command parser

("C:\Users\juanc\AppData\Local\Programs\MiKTeX 2.9\tex/latex/l3packages/xparse\
xparse-generic.tex"
\l__xparse_current_arg_int=\count169
\g__xparse_grabber_int=\count170
\l__xparse_m_args_int=\count171
\l__xparse_v_nesting_int=\count172
))
("C:\Users\juanc\AppData\Local\Programs\MiKTeX 2.9\tex/latex/base\book.cls"
Document Class: book 2019/12/20 v1.4l Standard LaTeX document class
("C:\Users\juanc\AppData\Local\Programs\MiKTeX 2.9\tex/latex/base\bk11.clo"
File: bk11.clo 2019/12/20 v1.4l Standard LaTeX file (size option)
)
\c@part=\count173
\c@chapter=\count174
\c@section=\count175
\c@subsection=\count176
\c@subsubsection=\count177
\c@paragraph=\count178
\c@subparagraph=\count179
\c@figure=\count180
\c@table=\count181
\abovecaptionskip=\skip47
\belowcaptionskip=\skip48
\bibindent=\dimen134
)
("C:\Users\juanc\AppData\Local\Programs\MiKTeX 2.9\tex/generic/babel\babel.sty"
Package: babel 2020/05/13 3.44 The Babel package
("C:\Users\juanc\AppData\Local\Programs\MiKTeX 2.9\tex/generic/babel\babel.def"
File: babel.def 2020/05/13 3.44 Babel common definitions
\babel@savecnt=\count182
\U@D=\dimen135
\l@babelnohyphens=\language78

("C:\Users\juanc\AppData\Local\Programs\MiKTeX 2.9\tex/generic/babel\txtbabel.d
ef")
\bbl@readstream=\read2
)
\bbl@dirlevel=\count183

*************************************
* Local config file bblopts.cfg used
*
("C:\Users\juanc\AppData\Local\Programs\MiKTeX 2.9\tex/latex/arabi\bblopts.cfg"
File: bblopts.cfg 2005/09/08 v0.1 add Arabic and Farsi to "declared" options of
 babel
)
("C:\Users\juanc\AppData\Local\Programs\MiKTeX 2.9\tex/latex/babel-english\engl
ish.ldf"
Language: english 2017/06/06 v3.3r English support from the babel system
Package babel Info: \l@canadian = using hyphenrules for english
(babel)             (\language0) on input line 102.
Package babel Info: \l@australian = using hyphenrules for ukenglish
(babel)             (\language72) on input line 105.
Package babel Info: \l@newzealand = using hyphenrules for ukenglish
(babel)             (\language72) on input line 108.
))
("C:\Users\juanc\AppData\Local\Programs\MiKTeX 2.9\tex/latex/koma-script\scrbas
e.sty"
Package: scrbase 2020/04/19 v3.30 KOMA-Script package (KOMA-Script-independent 
basics and keyval usage)

("C:\Users\juanc\AppData\Local\Programs\MiKTeX 2.9\tex/latex/graphics\keyval.st
y"
Package: keyval 2014/10/28 v1.15 key=value parser (DPC)
\KV@toks@=\toks15
)
("C:\Users\juanc\AppData\Local\Programs\MiKTeX 2.9\tex/latex/koma-script\scrlfi
le.sty"
Package: scrlfile 2020/04/19 v3.30 KOMA-Script package (loading files)
))
("C:\Users\juanc\AppData\Local\Programs\MiKTeX 2.9\tex/latex/koma-script\scrhac
k.sty"
Package: scrhack 2020/04/19 v3.30 KOMA-Script package (hacking other packages)

("C:\Users\juanc\AppData\Local\Programs\MiKTeX 2.9\tex/latex/koma-script\scrkba
se.sty"
Package: scrkbase 2020/04/19 v3.30 KOMA-Script package (KOMA-Script-dependent b
asics and keyval usage)
)
("C:\Users\juanc\AppData\Local\Programs\MiKTeX 2.9\tex/latex/xpatch\xpatch.sty"
Package: xpatch 2020/03/25 v0.3a Extending etoolbox patching commands
))
("C:\Users\juanc\AppData\Local\Programs\MiKTeX 2.9\tex/latex/setspace\setspace.
sty"
Package: setspace 2011/12/19 v6.7a set line spacing
)
Package scrhack Info: loading setspace hack on input line 193.

("C:\Users\juanc\AppData\Local\Programs\MiKTeX 2.9\tex/latex/koma-script\setspa
ce.hak"
File: setspace.hak 2020/04/19 v3.30 KOMA-Script scrhack part (hacking package s
etspace)
)
("C:\Users\juanc\AppData\Local\Programs\MiKTeX 2.9\tex/latex/tools\longtable.st
y"
Package: longtable 2020/01/07 v4.13 Multi-page Table package (DPC)
\LTleft=\skip49
\LTright=\skip50
\LTpre=\skip51
\LTpost=\skip52
\LTchunksize=\count184
\LTcapwidth=\dimen136
\LT@head=\box46
\LT@firsthead=\box47
\LT@foot=\box48
\LT@lastfoot=\box49
\LT@cols=\count185
\LT@rows=\count186
\c@LT@tables=\count187
\c@LT@chunks=\count188
\LT@p@ftn=\toks16
)
("C:\Users\juanc\AppData\Local\Programs\MiKTeX 2.9\tex/latex/siunitx\siunitx.st
y"
Package: siunitx 2020/02/25 v2.8b A comprehensive (SI) units package

("C:\Users\juanc\AppData\Local\Programs\MiKTeX 2.9\tex/latex/amsmath\amstext.st
y"
Package: amstext 2000/06/29 v2.01 AMS text

("C:\Users\juanc\AppData\Local\Programs\MiKTeX 2.9\tex/latex/amsmath\amsgen.sty
"
File: amsgen.sty 1999/11/30 v2.0 generic functions
\@emptytoks=\toks17
\ex@=\dimen137
)) ("C:\Users\juanc\AppData\Local\Programs\MiKTeX 2.9\tex/latex/tools\array.sty
"
Package: array 2019/08/31 v2.4l Tabular extension package (FMi)
\col@sep=\dimen138
\ar@mcellbox=\box50
\extrarowheight=\dimen139
\NC@list=\toks18
\extratabsurround=\skip53
\backup@length=\skip54
\ar@cellbox=\box51
)
("C:\Users\juanc\AppData\Local\Programs\MiKTeX 2.9\tex/latex/l3packages/l3keys2
e\l3keys2e.sty"
Package: l3keys2e 2020-05-15 LaTeX2e option processing using LaTeX3 keys
)
\l__siunitx_tmp_box=\box52
\l__siunitx_tmp_dim=\dimen140
\l__siunitx_tmp_int=\count189
\l__siunitx_number_mantissa_length_int=\count190
\l__siunitx_number_uncert_length_int=\count191
\l__siunitx_round_int=\count192
\l__siunitx_process_decimal_int=\count193
\l__siunitx_process_uncertainty_int=\count194
\l__siunitx_process_fixed_int=\count195
\l__siunitx_process_integer_min_int=\count196
\l__siunitx_process_precision_int=\count197
\l__siunitx_group_min_int=\count198
\l__siunitx_angle_marker_box=\box53
\l__siunitx_angle_unit_box=\box54
\l__siunitx_angle_marker_dim=\dimen141
\l__siunitx_angle_unit_dim=\dimen142
\l__siunitx_unit_int=\count199
\l__siunitx_unit_denominator_int=\count266
\l__siunitx_unit_numerator_int=\count267
\l__siunitx_unit_prefix_int=\count268
\l__siunitx_unit_prefix_base_int=\count269
\l__siunitx_unit_prefix_gram_int=\count270
\l__siunitx_number_product_int=\count271
\c__siunitx_one_fill_skip=\skip55
\l__siunitx_table_unit_align_skip=\skip56
\l__siunitx_table_exponent_dim=\dimen143
\l__siunitx_table_integer_dim=\dimen144
\l__siunitx_table_mantissa_dim=\dimen145
\l__siunitx_table_marker_dim=\dimen146
\l__siunitx_table_result_dim=\dimen147
\l__siunitx_table_uncert_dim=\dimen148
\l__siunitx_table_fill_pre_dim=\dimen149
\l__siunitx_table_fill_post_dim=\dimen150
\l__siunitx_table_fill_mid_dim=\dimen151
\l__siunitx_table_pre_box=\box55
\l__siunitx_table_post_box=\box56
\l__siunitx_table_mantissa_box=\box57
\l__siunitx_table_result_box=\box58
\l__siunitx_table_number_align_skip=\skip57
\l__siunitx_table_text_align_skip=\skip58

("C:\Users\juanc\AppData\Local\Programs\MiKTeX 2.9\tex/latex/translator\transla
tor.sty"
Package: translator 2019-05-31 v1.12a Easy translation of strings in LaTeX
))
("C:\Users\juanc\AppData\Local\Programs\MiKTeX 2.9\tex/latex/graphics\graphicx.
sty"
Package: graphicx 2019/11/30 v1.2a Enhanced LaTeX Graphics (DPC,SPQR)

("C:\Users\juanc\AppData\Local\Programs\MiKTeX 2.9\tex/latex/graphics\graphics.
sty"
Package: graphics 2019/11/30 v1.4a Standard LaTeX Graphics (DPC,SPQR)

("C:\Users\juanc\AppData\Local\Programs\MiKTeX 2.9\tex/latex/graphics\trig.sty"
Package: trig 2016/01/03 v1.10 sin cos tan (DPC)
)
("C:\Users\juanc\AppData\Local\Programs\MiKTeX 2.9\tex/latex/graphics-cfg\graph
ics.cfg"
File: graphics.cfg 2016/06/04 v1.11 sample graphics configuration
)
Package graphics Info: Driver file: pdftex.def on input line 105.

("C:\Users\juanc\AppData\Local\Programs\MiKTeX 2.9\tex/latex/graphics-def\pdfte
x.def"
File: pdftex.def 2018/01/08 v1.0l Graphics/color driver for pdftex
))
\Gin@req@height=\dimen152
\Gin@req@width=\dimen153
)
("C:\Users\juanc\AppData\Local\Programs\MiKTeX 2.9\tex/latex/booktabs\booktabs.
sty"
Package: booktabs 2020/01/12 v1.61803398 Publication quality tables
\heavyrulewidth=\dimen154
\lightrulewidth=\dimen155
\cmidrulewidth=\dimen156
\belowrulesep=\dimen157
\belowbottomsep=\dimen158
\aboverulesep=\dimen159
\abovetopsep=\dimen160
\cmidrulesep=\dimen161
\cmidrulekern=\dimen162
\defaultaddspace=\dimen163
\@cmidla=\count272
\@cmidlb=\count273
\@aboverulesep=\dimen164
\@belowrulesep=\dimen165
\@thisruleclass=\count274
\@lastruleclass=\count275
\@thisrulewidth=\dimen166
)
("C:\Users\juanc\AppData\Local\Programs\MiKTeX 2.9\tex/latex/caption\caption.st
y"
Package: caption 2020/05/30 v3.4k Customizing captions (AR)

("C:\Users\juanc\AppData\Local\Programs\MiKTeX 2.9\tex/latex/caption\caption3.s
ty"
Package: caption3 2020/05/30 v1.12 caption3 kernel (AR)
Package caption3 Info: TeX engine: e-TeX on input line 61.
\captionmargin=\dimen167
\captionmargin@=\dimen168
\captionwidth=\dimen169
\caption@tempdima=\dimen170
\caption@indent=\dimen171
\caption@parindent=\dimen172
\caption@hangindent=\dimen173
Package caption Info: Standard document class detected.
)
\c@caption@flags=\count276
\c@continuedfloat=\count277
Package caption Info: longtable package is loaded.

("C:\Users\juanc\AppData\Local\Programs\MiKTeX 2.9\tex/latex/caption\ltcaption.
sty"
Package: ltcaption 2020/05/30 v1.4b longtable captions (AR)
))
("C:\Users\juanc\AppData\Local\Programs\MiKTeX 2.9\tex/latex/xcolor\xcolor.sty"
Package: xcolor 2016/05/11 v2.12 LaTeX color extensions (UK)

("C:\Users\juanc\AppData\Local\Programs\MiKTeX 2.9\tex/latex/graphics-cfg\color
.cfg"
File: color.cfg 2016/01/02 v1.6 sample color configuration
)
Package xcolor Info: Driver file: pdftex.def on input line 225.
Package xcolor Info: Model `cmy' substituted by `cmy0' on input line 1348.
Package xcolor Info: Model `hsb' substituted by `rgb' on input line 1352.
Package xcolor Info: Model `RGB' extended on input line 1364.
Package xcolor Info: Model `HTML' substituted by `rgb' on input line 1366.
Package xcolor Info: Model `Hsb' substituted by `hsb' on input line 1367.
Package xcolor Info: Model `tHsb' substituted by `hsb' on input line 1368.
Package xcolor Info: Model `HSB' substituted by `hsb' on input line 1369.
Package xcolor Info: Model `Gray' substituted by `gray' on input line 1370.
Package xcolor Info: Model `wave' substituted by `hsb' on input line 1371.
)
("C:\Users\juanc\AppData\Local\Programs\MiKTeX 2.9\tex/latex/geometry\geometry.
sty"
Package: geometry 2020/01/02 v5.9 Page Geometry

("C:\Users\juanc\AppData\Local\Programs\MiKTeX 2.9\tex/generic/iftex\ifvtex.sty
"
Package: ifvtex 2019/10/25 v1.7 ifvtex legacy package. Use iftex instead.
 ("C:\Users\juanc\AppData\Local\Programs\MiKTeX 2.9\tex/generic/iftex\iftex.sty
"
Package: iftex 2020/03/06 v1.0d TeX engine tests
))
\Gm@cnth=\count278
\Gm@cntv=\count279
\c@Gm@tempcnt=\count280
\Gm@bindingoffset=\dimen174
\Gm@wd@mp=\dimen175
\Gm@odd@mp=\dimen176
\Gm@even@mp=\dimen177
\Gm@layoutwidth=\dimen178
\Gm@layoutheight=\dimen179
\Gm@layouthoffset=\dimen180
\Gm@layoutvoffset=\dimen181
\Gm@dimlist=\toks19

("C:\Users\juanc\AppData\Local\Programs\MiKTeX 2.9\tex/latex/geometry\geometry.
cfg"))
("C:\Users\juanc\AppData\Local\Programs\MiKTeX 2.9\tex/latex/koma-script\scrlay
er-scrpage.sty"
Package: scrlayer-scrpage 2020/04/19 v3.30 KOMA-Script package (end user interf
ace for scrlayer)

("C:\Users\juanc\AppData\Local\Programs\MiKTeX 2.9\tex/latex/koma-script\scrlay
er.sty"
Package: scrlayer 2020/04/19 v3.30 KOMA-Script package (defining layers and pag
e styles)
\footheight=\skip59
Package scrlayer Info: patching LaTeX kernel macro \pagestyle on input line 210
6.
)
Package scrbase Info: Unknown processing state.
(scrbase)             Processing option `markcase=used'
(scrbase)             of member `.scrlayer-scrpage.sty' of family
(scrbase)             `KOMA' doesn't set
(scrbase)             a valid state. This will be interpreted
(scrbase)             as \FamilyKeyStateProcessed on input line 724.
)
Package scrlayer-scrpage Info: auto-selection of `pagestyleset=standard'.

1: chapter
1: chapter
1: section
) ("C:\Users\juanc\AppData\Local\Programs\MiKTeX 2.9\tex/latex/base\inputenc.st
y"
Package: inputenc 2018/08/11 v1.3c Input encoding file
\inpenc@prehook=\toks20
\inpenc@posthook=\toks21
)
("C:\Users\juanc\AppData\Local\Programs\MiKTeX 2.9\tex/latex/base\fontenc.sty"
Package: fontenc 2020/02/11 v2.0o Standard LaTeX package
)
("C:\Users\juanc\AppData\Local\Programs\MiKTeX 2.9\tex/latex/biblatex\biblatex.
sty"
Package: biblatex 2019/12/01 v3.14 programmable bibliographies (PK/MW)

("C:\Users\juanc\AppData\Local\Programs\MiKTeX 2.9\tex/latex/pdftexcmds\pdftexc
mds.sty"
Package: pdftexcmds 2019/11/24 v0.31 Utility functions of pdfTeX for LuaTeX (HO
)

("C:\Users\juanc\AppData\Local\Programs\MiKTeX 2.9\tex/generic/infwarerr\infwar
err.sty"
Package: infwarerr 2019/12/03 v1.5 Providing info/warning/error messages (HO)
)
("C:\Users\juanc\AppData\Local\Programs\MiKTeX 2.9\tex/generic/ltxcmds\ltxcmds.
sty"
Package: ltxcmds 2019/12/15 v1.24 LaTeX kernel commands for general use (HO)
)
Package pdftexcmds Info: \pdf@primitive is available.
Package pdftexcmds Info: \pdf@ifprimitive is available.
Package pdftexcmds Info: \pdfdraftmode found.
)
("C:\Users\juanc\AppData\Local\Programs\MiKTeX 2.9\tex/latex/kvoptions\kvoption
s.sty"
Package: kvoptions 2019/11/29 v3.13 Key value format for package options (HO)

("C:\Users\juanc\AppData\Local\Programs\MiKTeX 2.9\tex/generic/kvsetkeys\kvsetk
eys.sty"
Package: kvsetkeys 2019/12/15 v1.18 Key value parser (HO)
))
("C:\Users\juanc\AppData\Local\Programs\MiKTeX 2.9\tex/latex/logreq\logreq.sty"
Package: logreq 2010/08/04 v1.0 xml request logger
\lrq@indent=\count281
("C:\Users\juanc\AppData\Local\Programs\MiKTeX 2.9\tex/latex/logreq\logreq.def"
File: logreq.def 2010/08/04 v1.0 logreq spec v1.0
)) ("C:\Users\juanc\AppData\Local\Programs\MiKTeX 2.9\tex/latex/base\ifthen.sty
"
Package: ifthen 2014/09/29 v1.1c Standard LaTeX ifthen package (DPC)
) ("C:\Users\juanc\AppData\Local\Programs\MiKTeX 2.9\tex/latex/url\url.sty"
\Urlmuskip=\muskip16
Package: url 2013/09/16  ver 3.4  Verb mode for urls, etc.
)
\c@tabx@nest=\count282
\c@listtotal=\count283
\c@listcount=\count284
\c@liststart=\count285
\c@liststop=\count286
\c@citecount=\count287
\c@citetotal=\count288
\c@multicitecount=\count289
\c@multicitetotal=\count290
\c@instcount=\count291
\c@maxnames=\count292
\c@minnames=\count293
\c@maxitems=\count294
\c@minitems=\count295
\c@citecounter=\count296
\c@maxcitecounter=\count297
\c@savedcitecounter=\count298
\c@uniquelist=\count299
\c@uniquename=\count300
\c@refsection=\count301
\c@refsegment=\count302
\c@maxextratitle=\count303
\c@maxextratitleyear=\count304
\c@maxextraname=\count305
\c@maxextradate=\count306
\c@maxextraalpha=\count307
\c@abbrvpenalty=\count308
\c@highnamepenalty=\count309
\c@lownamepenalty=\count310
\c@maxparens=\count311
\c@parenlevel=\count312
\blx@tempcnta=\count313
\blx@tempcntb=\count314
\blx@tempcntc=\count315
\blx@maxsection=\count316
\blx@maxsegment@0=\count317
\blx@notetype=\count318
\blx@parenlevel@text=\count319
\blx@parenlevel@foot=\count320
\blx@sectionciteorder@0=\count321
\blx@entrysetcounter=\count322
\labelnumberwidth=\skip60
\labelalphawidth=\skip61
\biblabelsep=\skip62
\bibitemsep=\skip63
\bibnamesep=\skip64
\bibinitsep=\skip65
\bibparsep=\skip66
\bibhang=\skip67
\blx@bcfin=\read3
\blx@bcfout=\write3
\blx@langwohyphens=\language79
\c@mincomprange=\count323
\c@maxcomprange=\count324
\c@mincompwidth=\count325
Package biblatex Info: Trying to load biblatex default data model...
Package biblatex Info: ... file 'blx-dm.def' found.

("C:\Users\juanc\AppData\Local\Programs\MiKTeX 2.9\tex/latex/biblatex\blx-dm.de
f"
File: blx-dm.def 2019/12/01 v3.14 biblatex localization (PK/MW)
)
Package biblatex Info: Trying to load biblatex style data model...
Package biblatex Info: ... file 'chem-acs.dbx' not found.
Package biblatex Info: Trying to load biblatex custom data model...
Package biblatex Info: ... file 'biblatex-dm.cfg' not found.
\c@afterword=\count326
\c@savedafterword=\count327
\c@annotator=\count328
\c@savedannotator=\count329
\c@author=\count330
\c@savedauthor=\count331
\c@bookauthor=\count332
\c@savedbookauthor=\count333
\c@commentator=\count334
\c@savedcommentator=\count335
\c@editor=\count336
\c@savededitor=\count337
\c@editora=\count338
\c@savededitora=\count339
\c@editorb=\count340
\c@savededitorb=\count341
\c@editorc=\count342
\c@savededitorc=\count343
\c@foreword=\count344
\c@savedforeword=\count345
\c@holder=\count346
\c@savedholder=\count347
\c@introduction=\count348
\c@savedintroduction=\count349
\c@namea=\count350
\c@savednamea=\count351
\c@nameb=\count352
\c@savednameb=\count353
\c@namec=\count354
\c@savednamec=\count355
\c@translator=\count356
\c@savedtranslator=\count357
\c@shortauthor=\count358
\c@savedshortauthor=\count359
\c@shorteditor=\count360
\c@savedshorteditor=\count361
\c@labelname=\count362
\c@savedlabelname=\count363
\c@institution=\count364
\c@savedinstitution=\count365
\c@lista=\count366
\c@savedlista=\count367
\c@listb=\count368
\c@savedlistb=\count369
\c@listc=\count370
\c@savedlistc=\count371
\c@listd=\count372
\c@savedlistd=\count373
\c@liste=\count374
\c@savedliste=\count375
\c@listf=\count376
\c@savedlistf=\count377
\c@location=\count378
\c@savedlocation=\count379
\c@organization=\count380
\c@savedorganization=\count381
\c@origlocation=\count382
\c@savedoriglocation=\count383
\c@origpublisher=\count384
\c@savedorigpublisher=\count385
\c@publisher=\count386
\c@savedpublisher=\count387
\c@language=\count388
\c@savedlanguage=\count389
\c@origlanguage=\count390
\c@savedoriglanguage=\count391
\c@pageref=\count392
\c@savedpageref=\count393
\shorthandwidth=\skip68
\shortjournalwidth=\skip69
\shortserieswidth=\skip70
\shorttitlewidth=\skip71
\shortauthorwidth=\skip72
\shorteditorwidth=\skip73
\locallabelnumberwidth=\skip74
\locallabelalphawidth=\skip75
\localshorthandwidth=\skip76
\localshortjournalwidth=\skip77
\localshortserieswidth=\skip78
\localshorttitlewidth=\skip79
\localshortauthorwidth=\skip80
\localshorteditorwidth=\skip81
Package biblatex Info: Trying to load compatibility code...
Package biblatex Info: ... file 'blx-compat.def' found.

("C:\Users\juanc\AppData\Local\Programs\MiKTeX 2.9\tex/latex/biblatex\blx-compa
t.def"
File: blx-compat.def 2019/12/01 v3.14 biblatex compatibility (PK/MW)
)
Package biblatex Info: Trying to load BibTeX backend compatibility...
Package biblatex Info: ... file 'blx-bibtex.def' found.

("C:\Users\juanc\AppData\Local\Programs\MiKTeX 2.9\tex/latex/biblatex\blx-bibte
x.def"
File: blx-bibtex.def 2019/12/01 v3.14 biblatex compatibility (PK/MW)


Package biblatex Warning: Using fall-back BibTeX(8) backend:
(biblatex)                functionality may be reduced/unavailable.

)
Package biblatex Info: Trying to load generic definitions...
Package biblatex Info: ... file 'biblatex.def' found.

("C:\Users\juanc\AppData\Local\Programs\MiKTeX 2.9\tex/latex/biblatex\biblatex.
def"
File: biblatex.def 2019/12/01 v3.14 biblatex compatibility (PK/MW)
\c@textcitecount=\count394
\c@textcitetotal=\count395
\c@textcitemaxnames=\count396
\c@biburlbigbreakpenalty=\count397
\c@biburlbreakpenalty=\count398
\c@biburlnumpenalty=\count399
\c@biburlucpenalty=\count400
\c@biburllcpenalty=\count401
\biburlbigskip=\muskip17
\biburlnumskip=\muskip18
\biburlucskip=\muskip19
\biburllcskip=\muskip20
\c@smartand=\count402
)
Package biblatex Info: Trying to load natbib compatibility...
Package biblatex Info: ... file 'blx-natbib.def' found.

("C:\Users\juanc\AppData\Local\Programs\MiKTeX 2.9\tex/latex/biblatex\blx-natbi
b.def"
File: blx-natbib.def 2019/12/01 v3.14 biblatex compatibility (PK/MW)
Package biblatex Info: Delimiter 'nameyeardelim' in context '' already defined,
 overwriting.
)
Package biblatex Info: Trying to load bibliography style 'chem-acs'...
Package biblatex Info: ... file 'chem-acs.bbx' found.

("C:\Users\juanc\AppData\Local\Programs\MiKTeX 2.9\tex/latex/biblatex-chem\chem
-acs.bbx"
File: chem-acs.bbx 2019/12/03 v1.1y biblatex bibliography style
Package biblatex Info: Trying to load bibliography style 'numeric-comp'...
Package biblatex Info: ... file 'numeric-comp.bbx' found.

("C:\Users\juanc\AppData\Local\Programs\MiKTeX 2.9\tex/latex/biblatex/bbx\numer
ic-comp.bbx"
File: numeric-comp.bbx 2019/12/01 v3.14 biblatex bibliography style (PK/MW)
Package biblatex Info: Trying to load bibliography style 'numeric'...
Package biblatex Info: ... file 'numeric.bbx' found.

("C:\Users\juanc\AppData\Local\Programs\MiKTeX 2.9\tex/latex/biblatex/bbx\numer
ic.bbx"
File: numeric.bbx 2019/12/01 v3.14 biblatex bibliography style (PK/MW)
Package biblatex Info: Trying to load bibliography style 'standard'...
Package biblatex Info: ... file 'standard.bbx' found.

("C:\Users\juanc\AppData\Local\Programs\MiKTeX 2.9\tex/latex/biblatex/bbx\stand
ard.bbx"
File: standard.bbx 2019/12/01 v3.14 biblatex bibliography style (PK/MW)
\c@bbx:relatedcount=\count403
\c@bbx:relatedtotal=\count404
))))
Package biblatex Info: Trying to load citation style 'chem-acs'...
Package biblatex Info: ... file 'chem-acs.cbx' found.

("C:\Users\juanc\AppData\Local\Programs\MiKTeX 2.9\tex/latex/biblatex-chem\chem
-acs.cbx"
File: chem-acs.cbx 2019/12/03 v1.1y biblatex citation style
Package biblatex Info: Trying to load citation style 'numeric-comp'...
Package biblatex Info: ... file 'numeric-comp.cbx' found.

("C:\Users\juanc\AppData\Local\Programs\MiKTeX 2.9\tex/latex/biblatex/cbx\numer
ic-comp.cbx"
File: numeric-comp.cbx 2019/12/01 v3.14 biblatex citation style (PK/MW)
\c@cbx@tempcnta=\count405
\c@cbx@tempcntb=\count406
Package biblatex Info: Redefining '\cite'.
Package biblatex Info: Redefining '\parencite'.
Package biblatex Info: Redefining '\footcite'.
Package biblatex Info: Redefining '\footcitetext'.
Package biblatex Info: Redefining '\smartcite'.
Package biblatex Info: Redefining '\supercite'.
Package biblatex Info: Redefining '\textcite'.
Package biblatex Info: Redefining '\textcites'.
Package biblatex Info: Redefining '\cites'.
Package biblatex Info: Redefining '\parencites'.
Package biblatex Info: Redefining '\smartcites'.
))
Package biblatex Info: Trying to load configuration file...
Package biblatex Info: ... file 'biblatex.cfg' found.

("C:\Users\juanc\AppData\Local\Programs\MiKTeX 2.9\tex/latex/biblatex\biblatex.
cfg"
File: biblatex.cfg 
))
("C:\Users\juanc\AppData\Local\Programs\MiKTeX 2.9\tex/latex/csquotes\csquotes.
sty"
Package: csquotes 2019-12-06 v5.2j context-sensitive quotations (JAW)
\csq@reset=\count407
\csq@gtype=\count408
\csq@glevel=\count409
\csq@qlevel=\count410
\csq@maxlvl=\count411
\csq@tshold=\count412
\csq@ltx@everypar=\toks22

("C:\Users\juanc\AppData\Local\Programs\MiKTeX 2.9\tex/latex/csquotes\csquotes.
def"
File: csquotes.def 2019-12-06 v5.2j csquotes generic definitions (JAW)
)
Package csquotes Info: Trying to load configuration file 'csquotes.cfg'...
Package csquotes Info: ... configuration file loaded successfully.

("C:\Users\juanc\AppData\Local\Programs\MiKTeX 2.9\tex/latex/csquotes\csquotes.
cfg"
File: csquotes.cfg 
)
Package csquotes Info: Enabling multilingual quotes.
)
("C:\Users\juanc\AppData\Local\Programs\MiKTeX 2.9\tex/latex/lipsum\lipsum.sty"
Package: lipsum 2019/01/02 v2.2 150 paragraphs of Lorem Ipsum dummy text

("C:\Users\juanc\AppData\Local\Programs\MiKTeX 2.9\tex/latex/lipsum\lipsum.ltd.
tex"
File: lipsum.ltd.tex 2019/01/02 v2.2 The Lorem ipsum dummy text
))
("C:\Users\juanc\AppData\Local\Programs\MiKTeX 2.9\tex/latex/blindtext\blindtex
t.sty"
Package: blindtext 2012/01/06 V2.0 blindtext-Package

("C:\Users\juanc\AppData\Local\Programs\MiKTeX 2.9\tex/latex/tools\xspace.sty"
Package: xspace 2014/10/28 v1.13 Space after command names (DPC,MH)
)
\c@blindtext=\count413
\c@Blindtext=\count414
\c@blind@countparstart=\count415
\blind@countxx=\count416
\blindtext@numBlindtext=\count417
\blind@countyy=\count418
\c@blindlist=\count419
\c@blindlistlevel=\count420
\c@blindlist@level=\count421
\blind@listitem=\count422
\c@blind@listcount=\count423
\c@blind@levelcount=\count424
\blind@mathformula=\count425
\blind@Mathformula=\count426
\c@blind@randomcount=\count427
\c@blind@randommax=\count428
\c@blind@pangramcount=\count429
\c@blind@pangrammax=\count430
)
("C:\Users\juanc\AppData\Local\Programs\MiKTeX 2.9\tex/latex/amsmath\amsmath.st
y"
Package: amsmath 2020/01/20 v2.17e AMS math features
\@mathmargin=\skip82

For additional information on amsmath, use the `?' option.
("C:\Users\juanc\AppData\Local\Programs\MiKTeX 2.9\tex/latex/amsmath\amsbsy.sty
"
Package: amsbsy 1999/11/29 v1.2d Bold Symbols
\pmbraise@=\dimen182
)
("C:\Users\juanc\AppData\Local\Programs\MiKTeX 2.9\tex/latex/amsmath\amsopn.sty
"
Package: amsopn 2016/03/08 v2.02 operator names
)
\inf@bad=\count431
LaTeX Info: Redefining \frac on input line 227.
\uproot@=\count432
\leftroot@=\count433
LaTeX Info: Redefining \overline on input line 389.
\classnum@=\count434
\DOTSCASE@=\count435
LaTeX Info: Redefining \ldots on input line 486.
LaTeX Info: Redefining \dots on input line 489.
LaTeX Info: Redefining \cdots on input line 610.
\Mathstrutbox@=\box59
\strutbox@=\box60
\big@size=\dimen183
LaTeX Font Info:    Redeclaring font encoding OML on input line 733.
LaTeX Font Info:    Redeclaring font encoding OMS on input line 734.
\macc@depth=\count436
\c@MaxMatrixCols=\count437
\dotsspace@=\muskip21
\c@parentequation=\count438
\dspbrk@lvl=\count439
\tag@help=\toks23
\row@=\count440
\column@=\count441
\maxfields@=\count442
\andhelp@=\toks24
\eqnshift@=\dimen184
\alignsep@=\dimen185
\tagshift@=\dimen186
\tagwidth@=\dimen187
\totwidth@=\dimen188
\lineht@=\dimen189
\@envbody=\toks25
\multlinegap=\skip83
\multlinetaggap=\skip84
\mathdisplay@stack=\toks26
LaTeX Info: Redefining \[ on input line 2859.
LaTeX Info: Redefining \] on input line 2860.
)
("C:\Users\juanc\AppData\Local\Programs\MiKTeX 2.9\tex/latex/amsfonts\amssymb.s
ty"
Package: amssymb 2013/01/14 v3.01 AMS font symbols

("C:\Users\juanc\AppData\Local\Programs\MiKTeX 2.9\tex/latex/amsfonts\amsfonts.
sty"
Package: amsfonts 2013/01/14 v3.01 Basic AMSFonts support
\symAMSa=\mathgroup4
\symAMSb=\mathgroup5
LaTeX Font Info:    Redeclaring math symbol \hbar on input line 98.
LaTeX Font Info:    Overwriting math alphabet `\mathfrak' in version `bold'
(Font)                  U/euf/m/n --> U/euf/b/n on input line 106.
)) ("C:\Users\juanc\AppData\Local\Programs\MiKTeX 2.9\tex/latex/tools\bm.sty"
Package: bm 2019/07/24 v1.2d Bold Symbol Support (DPC/FMi)
\symboldoperators=\mathgroup6
\symboldletters=\mathgroup7
\symboldsymbols=\mathgroup8
LaTeX Font Info:    Redeclaring math alphabet \mathbf on input line 141.
LaTeX Info: Redefining \bm on input line 209.
)
("C:\Users\juanc\AppData\Local\Programs\MiKTeX 2.9\tex/latex/physics\physics.st
y"
Package: physics 
)
("C:\Users\juanc\AppData\Local\Programs\MiKTeX 2.9\tex/latex/hyperref\hyperref.
sty"
Package: hyperref 2020-05-15 v7.00e Hypertext links for LaTeX

("C:\Users\juanc\AppData\Local\Programs\MiKTeX 2.9\tex/generic/kvdefinekeys\kvd
efinekeys.sty"
Package: kvdefinekeys 2019-12-19 v1.6 Define keys (HO)
)
("C:\Users\juanc\AppData\Local\Programs\MiKTeX 2.9\tex/generic/pdfescape\pdfesc
ape.sty"
Package: pdfescape 2019/12/09 v1.15 Implements pdfTeX's escape features (HO)
)
("C:\Users\juanc\AppData\Local\Programs\MiKTeX 2.9\tex/latex/hycolor\hycolor.st
y"
Package: hycolor 2020-01-27 v1.10 Color options for hyperref/bookmark (HO)
)
("C:\Users\juanc\AppData\Local\Programs\MiKTeX 2.9\tex/latex/letltxmacro\letltx
macro.sty"
Package: letltxmacro 2019/12/03 v1.6 Let assignment for LaTeX macros (HO)
)
("C:\Users\juanc\AppData\Local\Programs\MiKTeX 2.9\tex/latex/auxhook\auxhook.st
y"
Package: auxhook 2019-12-17 v1.6 Hooks for auxiliary files (HO)
)
\@linkdim=\dimen190
\Hy@linkcounter=\count443
\Hy@pagecounter=\count444

("C:\Users\juanc\AppData\Local\Programs\MiKTeX 2.9\tex/latex/hyperref\pd1enc.de
f"
File: pd1enc.def 2020-05-15 v7.00e Hyperref: PDFDocEncoding definition (HO)
Now handling font encoding PD1 ...
... no UTF-8 mapping file for font encoding PD1
)
("C:\Users\juanc\AppData\Local\Programs\MiKTeX 2.9\tex/generic/intcalc\intcalc.
sty"
Package: intcalc 2019/12/15 v1.3 Expandable calculations with integers (HO)
)
("C:\Users\juanc\AppData\Local\Programs\MiKTeX 2.9\tex/generic/etexcmds\etexcmd
s.sty"
Package: etexcmds 2019/12/15 v1.7 Avoid name clashes with e-TeX commands (HO)
)
\Hy@SavedSpaceFactor=\count445
Package hyperref Info: Hyper figures OFF on input line 4464.
Package hyperref Info: Link nesting OFF on input line 4469.
Package hyperref Info: Hyper index ON on input line 4472.
Package hyperref Info: Plain pages OFF on input line 4479.
Package hyperref Info: Backreferencing OFF on input line 4484.
Package hyperref Info: Implicit mode ON; LaTeX internals redefined.
Package hyperref Info: Bookmarks ON on input line 4717.
\c@Hy@tempcnt=\count446
LaTeX Info: Redefining \url on input line 5076.
\XeTeXLinkMargin=\dimen191

("C:\Users\juanc\AppData\Local\Programs\MiKTeX 2.9\tex/generic/bitset\bitset.st
y"
Package: bitset 2019/12/09 v1.3 Handle bit-vector datatype (HO)

("C:\Users\juanc\AppData\Local\Programs\MiKTeX 2.9\tex/generic/bigintcalc\bigin
tcalc.sty"
Package: bigintcalc 2019/12/15 v1.5 Expandable calculations on big integers (HO
)
))
\Fld@menulength=\count447
\Field@Width=\dimen192
\Fld@charsize=\dimen193
Package hyperref Info: Hyper figures OFF on input line 6347.
Package hyperref Info: Link nesting OFF on input line 6352.
Package hyperref Info: Hyper index ON on input line 6355.
Package hyperref Info: backreferencing OFF on input line 6362.
Package hyperref Info: Link coloring OFF on input line 6367.
Package hyperref Info: Link coloring with OCG OFF on input line 6372.
Package hyperref Info: PDF/A mode OFF on input line 6377.
LaTeX Info: Redefining \ref on input line 6417.
LaTeX Info: Redefining \pageref on input line 6421.

("C:\Users\juanc\AppData\Local\Programs\MiKTeX 2.9\tex/generic/atbegshi\atbegsh
i.sty"
Package: atbegshi 2019/12/05 v1.19 At begin shipout hook (HO)
)
\Hy@abspage=\count448
\c@Item=\count449
\c@Hfootnote=\count450
)
Package scrhack Info: hyperref hack deactivated because of
(scrhack)             detection of hyperref version, that doesn't
(scrhack)             need that hack, on input line 27.
Package hyperref Info: Driver (autodetected): hpdftex.

("C:\Users\juanc\AppData\Local\Programs\MiKTeX 2.9\tex/latex/hyperref\hpdftex.d
ef"
File: hpdftex.def 2020-05-15 v7.00e Hyperref driver for pdfTeX

("C:\Users\juanc\AppData\Local\Programs\MiKTeX 2.9\tex/latex/atveryend\atveryen
d.sty"
Package: atveryend 2019-12-11 v1.11 Hooks at the very end of document (HO)
)
\Fld@listcount=\count451
\c@bookmark@seq@number=\count452

("C:\Users\juanc\AppData\Local\Programs\MiKTeX 2.9\tex/latex/rerunfilecheck\rer
unfilecheck.sty"
Package: rerunfilecheck 2019/12/05 v1.9 Rerun checks for auxiliary files (HO)

("C:\Users\juanc\AppData\Local\Programs\MiKTeX 2.9\tex/generic/uniquecounter\un
iquecounter.sty"
Package: uniquecounter 2019/12/15 v1.4 Provide unlimited unique counter (HO)
)
Package uniquecounter Info: New unique counter `rerunfilecheck' on input line 2
86.
)
\Hy@SectionHShift=\skip85
)
("C:\Users\juanc\AppData\Local\Programs\MiKTeX 2.9\tex/latex/stmaryrd\stmaryrd.
sty"
Package: stmaryrd 1994/03/03 St Mary's Road symbol package
\symstmry=\mathgroup9
LaTeX Font Info:    Overwriting symbol font `stmry' in version `bold'
(Font)                  U/stmry/m/n --> U/stmry/b/n on input line 89.
)
("C:\Users\juanc\AppData\Local\Programs\MiKTeX 2.9\tex/latex/mathtools\mathtool
s.sty"
Package: mathtools 2020/03/24 v1.24 mathematical typesetting tools

("C:\Users\juanc\AppData\Local\Programs\MiKTeX 2.9\tex/latex/tools\calc.sty"
Package: calc 2017/05/25 v4.3 Infix arithmetic (KKT,FJ)
\calc@Acount=\count453
\calc@Bcount=\count454
\calc@Adimen=\dimen194
\calc@Bdimen=\dimen195
\calc@Askip=\skip86
\calc@Bskip=\skip87
LaTeX Info: Redefining \setlength on input line 80.
LaTeX Info: Redefining \addtolength on input line 81.
\calc@Ccount=\count455
\calc@Cskip=\skip88
)
("C:\Users\juanc\AppData\Local\Programs\MiKTeX 2.9\tex/latex/mathtools\mhsetup.
sty"
Package: mhsetup 2017/03/31 v1.3 programming setup (MH)
)
LaTeX Info: Thecontrolsequence`\('isalreadyrobust on input line 130.
LaTeX Info: Thecontrolsequence`\)'isalreadyrobust on input line 130.
LaTeX Info: Thecontrolsequence`\['isalreadyrobust on input line 130.
LaTeX Info: Thecontrolsequence`\]'isalreadyrobust on input line 130.
\g_MT_multlinerow_int=\count456
\l_MT_multwidth_dim=\dimen196
\origjot=\skip89
\l_MT_shortvdotswithinadjustabove_dim=\dimen197
\l_MT_shortvdotswithinadjustbelow_dim=\dimen198
\l_MT_above_intertext_sep=\dimen199
\l_MT_below_intertext_sep=\dimen256
\l_MT_above_shortintertext_sep=\dimen257
\l_MT_below_shortintertext_sep=\dimen258
\xmathstrut@box=\box61
\xmathstrut@dim=\dimen259
)
("C:\Users\juanc\AppData\Local\Programs\MiKTeX 2.9\tex/latex/doublestroke\dsfon
t.sty"
Package: dsfont 1995/08/01 v0.1 Double stroke roman fonts
)
\c@theorem=\count457
\c@lema=\count458
\c@corolario=\count459


Package geometry Warning: Over-specification in `h'-direction.
    `width' (199.16928pt) is ignored.

Package hyperref Info: Option `bookmarksopen' set `true' on input line 112.
Package hyperref Info: Option `hypertexnames' set `false' on input line 112.
Package hyperref Info: Option `colorlinks' set `true' on input line 112.
Package hyperref Info: Option `unicode' set `true' on input line 112.
("C:\Users\juanc\AppData\Local\Programs\MiKTeX 2.9\tex/latex/hyperref\puenc.def
"
File: puenc.def 2020-05-15 v7.00e Hyperref: PDF Unicode definition (HO)
Now handling font encoding PU ...
... no UTF-8 mapping file for font encoding PU
)
Package hyperref Info: Option `breaklinks' set `true' on input line 112.
Package csquotes Info: Checking for multilingual support...
Package csquotes Info: ... found 'babel' package.
 (main.aux (Chapters/Chapter1.aux))
\openout1 = `main.aux'.

LaTeX Font Info:    Checking defaults for OML/cmm/m/it on input line 112.
LaTeX Font Info:    ... okay on input line 112.
LaTeX Font Info:    Checking defaults for OMS/cmsy/m/n on input line 112.
LaTeX Font Info:    ... okay on input line 112.
LaTeX Font Info:    Checking defaults for OT1/cmr/m/n on input line 112.
LaTeX Font Info:    ... okay on input line 112.
LaTeX Font Info:    Checking defaults for T1/cmr/m/n on input line 112.
LaTeX Font Info:    ... okay on input line 112.
LaTeX Font Info:    Checking defaults for TS1/cmr/m/n on input line 112.
LaTeX Font Info:    ... okay on input line 112.
LaTeX Font Info:    Checking defaults for OMX/cmex/m/n on input line 112.
LaTeX Font Info:    ... okay on input line 112.
LaTeX Font Info:    Checking defaults for U/cmr/m/n on input line 112.
LaTeX Font Info:    ... okay on input line 112.
LaTeX Font Info:    Checking defaults for PD1/pdf/m/n on input line 112.
LaTeX Font Info:    ... okay on input line 112.
LaTeX Font Info:    Checking defaults for PU/pdf/m/n on input line 112.
LaTeX Font Info:    ... okay on input line 112.

("C:\Users\juanc\AppData\Local\Programs\MiKTeX 2.9\tex/latex/translator\transla
tor-basic-dictionary-English.dict"
Dictionary: translator-basic-dictionary, Language: English 
)
("C:\Users\juanc\AppData\Local\Programs\MiKTeX 2.9\tex/latex/siunitx\siunitx-ab
breviations.cfg"
File: siunitx-abbreviations.cfg 2017/11/26 v2.7k siunitx: Abbreviated units
)
("C:\Users\juanc\AppData\Local\Programs\MiKTeX 2.9\tex/context/base/mkii\supp-p
df.mkii"
[Loading MPS to PDF converter (version 2006.09.02).]
\scratchcounter=\count460
\scratchdimen=\dimen260
\scratchbox=\box62
\nofMPsegments=\count461
\nofMParguments=\count462
\everyMPshowfont=\toks27
\MPscratchCnt=\count463
\MPscratchDim=\dimen261
\MPnumerator=\count464
\makeMPintoPDFobject=\count465
\everyMPtoPDFconversion=\toks28
)
("C:\Users\juanc\AppData\Local\Programs\MiKTeX 2.9\tex/latex/epstopdf-pkg\epsto
pdf-base.sty"
Package: epstopdf-base 2020-01-24 v2.11 Base part for package epstopdf
Package epstopdf-base Info: Redefining graphics rule for `.eps' on input line 4
85.
)
Package caption Info: Begin \AtBeginDocument code.
Package caption Info: hyperref package is loaded.
Package caption Info: End \AtBeginDocument code.

*geometry* driver: auto-detecting
*geometry* detected driver: pdftex
*geometry* verbose mode - [ preamble ] result:
* driver: pdftex
* paper: letterpaper
* layout: <same size as paper>
* layoutoffset:(h,v)=(0.0pt,0.0pt)
* bindingoffset: 14.22636pt
* modes: includehead includefoot twoside 
* h-part:(L,W,R)=(71.13188pt, 420.81621pt, 108.12054pt)
* v-part:(T,H,B)=(42.67912pt, 709.61174pt, 42.67912pt)
* \paperwidth=614.295pt
* \paperheight=794.96999pt
* \textwidth=420.81621pt
* \textheight=643.42136pt
* \oddsidemargin=13.08826pt
* \evensidemargin=35.85056pt
* \topmargin=-29.59087pt
* \headheight=18.85364pt
* \headsep=19.8738pt
* \topskip=11.0pt
* \footskip=27.46295pt
* \marginparwidth=116.0pt
* \marginparsep=7.0pt
* \columnsep=10.0pt
* \skip\footins=10.0pt plus 4.0pt minus 2.0pt
* \hoffset=0.0pt
* \voffset=0.0pt
* \mag=1000
* \@twocolumnfalse
* \@twosidetrue
* \@mparswitchtrue
* \@reversemarginfalse
* (1in=72.27pt=25.4mm, 1cm=28.453pt)

Package scrlayer Info: Setting magic \footheight to \baselineskip while
(scrlayer)             \begin{document} on input line 112.
Package scrbase Info: activating english \abbrevname on input line 112.
Package scrbase Info: activating english \byname on input line 112.
Package scrbase Info: activating english \acknowledgementname on input line 112
.
Package scrbase Info: activating english \authorshipname on input line 112.
Package scrbase Info: activating english \constantsname on input line 112.
Package scrbase Info: activating english \symbolsname on input line 112.
Package biblatex Info: Trying to load language 'english'...
Package biblatex Info: ... file 'english.lbx' found.

("C:\Users\juanc\AppData\Local\Programs\MiKTeX 2.9\tex/latex/biblatex/lbx\engli
sh.lbx"
File: english.lbx 2019/12/01 v3.14 biblatex localization (PK/MW)
)
Package biblatex Info: Input encoding 'utf8' detected.
Package biblatex Info: Automatic encoding selection.
(biblatex)             Assuming data encoding 'utf8'.
Package biblatex Info: Input encoding 'utf8' specified.
Package biblatex Info: Data encoding 'utf8' specified.
(biblatex)             No need to reencode data.
\openout3 = `main-blx.bib'.

Package biblatex Info: Trying to load bibliographic data...
Package biblatex Info: ... file 'main.bbl' found.
 (main.bbl)
Package biblatex Info: Reference section=0 on input line 112.
Package biblatex Info: Reference segment=0 on input line 112.
\AtBeginShipoutBox=\box63
Package hyperref Info: Link coloring ON on input line 112.

("C:\Users\juanc\AppData\Local\Programs\MiKTeX 2.9\tex/latex/hyperref\nameref.s
ty"
Package: nameref 2019/09/16 v2.46 Cross-referencing by name of section

("C:\Users\juanc\AppData\Local\Programs\MiKTeX 2.9\tex/latex/refcount\refcount.
sty"
Package: refcount 2019/12/15 v3.6 Data extraction from label references (HO)
)
("C:\Users\juanc\AppData\Local\Programs\MiKTeX 2.9\tex/generic/gettitlestring\g
ettitlestring.sty"
Package: gettitlestring 2019/12/15 v1.6 Cleanup title references (HO)
)
\c@section@level=\count466
)
LaTeX Info: Redefining \ref on input line 112.
LaTeX Info: Redefining \pageref on input line 112.
LaTeX Info: Redefining \nameref on input line 112.
 (main.out) (main.out)
\@outlinefile=\write4
\openout4 = `main.out'.

LaTeX Font Info:    Trying to load font information for U+msa on input line 112
.

("C:\Users\juanc\AppData\Local\Programs\MiKTeX 2.9\tex/latex/amsfonts\umsa.fd"
File: umsa.fd 2013/01/14 v3.01 AMS symbols A
)
LaTeX Font Info:    Trying to load font information for U+msb on input line 112
.
("C:\Users\juanc\AppData\Local\Programs\MiKTeX 2.9\tex/latex/amsfonts\umsb.fd"
File: umsb.fd 2013/01/14 v3.01 AMS symbols B
)
LaTeX Font Info:    Trying to load font information for U+stmry on input line 1
12.
("C:\Users\juanc\AppData\Local\Programs\MiKTeX 2.9\tex/latex/stmaryrd\ustmry.fd
")
1: section
[1



{C:/Users/juanc/AppData/Local/MiKTeX/2.9/pdftex/config/pdftex.map}] [2

]
(main.toc)
\tf@toc=\write5
\openout5 = `main.toc'.


1: section
[3] [4

] (main.lof)
\tf@lof=\write6
\openout6 = `main.lof'.


1: section
[5] [6

]
1: section
\openout2 = `Chapters/Chapter1.aux'.

(Chapters/Chapter1.tex
Chapter 1.
)
1: section
[1


]

LaTeX Warning: Empty bibliography on input line 296.

Package atveryend Info: Empty hook `BeforeClearDocument' on input line 315.
Package atveryend Info: Empty hook `AfterLastShipout' on input line 315.
(main.aux (Chapters/Chapter1.aux))
Package atveryend Info: Executing hook `AtVeryEndDocument' on input line 315.
Package atveryend Info: Executing hook `AtEndAfterFileList' on input line 315.
Package rerunfilecheck Info: File `main.out' has not changed.
(rerunfilecheck)             Checksum: 0FB442B186B170F24D449F73681A1FF8;103.
Package logreq Info: Writing requests to 'main.run.xml'.
\openout1 = `main.run.xml'.

 ) 
Here is how much of TeX's memory you used:
 29173 strings out of 480799
 588468 string characters out of 2895785
 1141207 words of memory out of 3000000
 44786 multiletter control sequences out of 15000+200000
 552945 words of font info for 75 fonts, out of 3000000 for 9000
 1141 hyphenation exceptions out of 8191
 53i,19n,68p,795b,1713s stack positions out of 5000i,500n,10000p,200000b,50000s
 <C:\Users\juanc\AppData\Local\MiKTeX\2.9\fonts/pk/ljfour/jknappen/ec/dpi600\
ecbx1728.pk> <C:\Users\juanc\AppData\Local\MiKTeX\2.9\fonts/pk/ljfour/jknappen/
ec/dpi600\ecbx1095.pk> <C:\Users\juanc\AppData\Local\MiKTeX\2.9\fonts/pk/ljfour
/jknappen/ec/dpi600\ecbx2488.pk> <C:\Users\juanc\AppData\Local\MiKTeX\2.9\fonts
/pk/ljfour/jknappen/ec/dpi600\ecrm1095.pk> <C:\Users\juanc\AppData\Local\MiKTeX
\2.9\fonts/pk/ljfour/jknappen/ec/dpi600\eccc1200.pk> <C:\Users\juanc\AppData\Lo
cal\MiKTeX\2.9\fonts/pk/ljfour/jknappen/ec/dpi600\ecrm1200.pk> <C:\Users\juanc\
AppData\Local\MiKTeX\2.9\fonts/pk/ljfour/jknappen/ec/dpi600\ecti1200.pk> <C:\Us
ers\juanc\AppData\Local\MiKTeX\2.9\fonts/pk/ljfour/jknappen/ec/dpi600\ecbx2074.
pk> <C:\Users\juanc\AppData\Local\MiKTeX\2.9\fonts/pk/ljfour/jknappen/ec/dpi600
\eccc1440.pk> <C:\Users\juanc\AppData\Local\MiKTeX\2.9\fonts/pk/ljfour/jknappen
/ec/dpi600\eccc1728.pk>
Output written on main.pdf (7 pages, 60259 bytes).
PDF statistics:
 223 PDF objects out of 1000 (max. 8388607)
 11 named destinations out of 1000 (max. 500000)
 9 words of extra memory for PDF output out of 10000 (max. 10000000)

